

================================================================
== Vivado HLS Report for 'example_label'
================================================================
* Date:           Tue Aug 13 02:31:27 2019

* Version:        2019.2.0 (Build 2614473 on Sun Aug 11 19:40:23 MDT 2019)
* Project:        proj_loop_label
* Solution:       solution1
* Product family: kintex7
* Target device:  xc7k160t-fbg484-1


================================================================
== Performance Estimates
================================================================
+ Timing (ns): 
    * Summary: 
    +--------+-------+----------+------------+
    |  Clock | Target| Estimated| Uncertainty|
    +--------+-------+----------+------------+
    |ap_clk  |  13.33|     4.635|        3.60|
    +--------+-------+----------+------------+

+ Latency (clock cycles): 
    * Summary: 
    +-----+-----+------------+------------+-----+-----+---------+
    |  Latency  |     Latency Realtime    |  Interval | Pipeline|
    | min | max |     min    |     max    | min | max |   Type  |
    +-----+-----+------------+------------+-----+-----+---------+
    |   52|   52| 0.241 (us) | 0.241 (us) |   52|   52|   none  |
    +-----+-----+------------+------------+-----+-----+---------+

    + Detail: 
        * Instance: 
        N/A

        * Loop: 
        +----------+-----+-----+----------+-----------+-----------+------+----------+
        |          |  Latency  | Iteration|  Initiation Interval  | Trip |          |
        | Loop Name| min | max |  Latency |  achieved |   target  | Count| Pipelined|
        +----------+-----+-----+----------+-----------+-----------+------+----------+
        |- LOOP_1  |   50|   50|         2|          1|          1|    50|    yes   |
        +----------+-----+-----+----------+-----------+-----------+------+----------+



================================================================
== Utilization Estimates
================================================================
* Summary: 
+-----------------+---------+-------+--------+--------+-----+
|       Name      | BRAM_18K| DSP48E|   FF   |   LUT  | URAM|
+-----------------+---------+-------+--------+--------+-----+
|DSP              |        -|      -|       -|       -|    -|
|Expression       |        -|      -|       0|      77|    -|
|FIFO             |        -|      -|       -|       -|    -|
|Instance         |        -|      -|       -|       -|    -|
|Memory           |        -|      -|       -|       -|    -|
|Multiplexer      |        -|      -|       -|      54|    -|
|Register         |        -|      -|      18|       -|    -|
+-----------------+---------+-------+--------+--------+-----+
|Total            |        0|      0|      18|     131|    0|
+-----------------+---------+-------+--------+--------+-----+
|Available        |      650|    600|  202800|  101400|    0|
+-----------------+---------+-------+--------+--------+-----+
|Utilization (%)  |        0|      0|   ~0   |   ~0   |    0|
+-----------------+---------+-------+--------+--------+-----+

+ Detail: 
    * Instance: 
    N/A

    * DSP48E: 
    N/A

    * Memory: 
    N/A

    * FIFO: 
    N/A

    * Expression: 
    +-------------------------+----------+-------+---+----+------------+------------+
    |      Variable Name      | Operation| DSP48E| FF| LUT| Bitwidth P0| Bitwidth P1|
    +-------------------------+----------+-------+---+----+------------+------------+
    |B_Din_A                  |     +    |      0|  0|  39|          32|           3|
    |add_ln78_fu_87_p2        |     +    |      0|  0|  15|           6|           1|
    |icmp_ln78_fu_81_p2       |   icmp   |      0|  0|  11|           6|           5|
    |ap_enable_pp0            |    xor   |      0|  0|   6|           1|           2|
    |ap_enable_reg_pp0_iter1  |    xor   |      0|  0|   6|           2|           1|
    +-------------------------+----------+-------+---+----+------------+------------+
    |Total                    |          |      0|  0|  77|          47|          12|
    +-------------------------+----------+-------+---+----+------------+------------+

    * Multiplexer: 
    +-------------------------+----+-----------+-----+-----------+
    |           Name          | LUT| Input Size| Bits| Total Bits|
    +-------------------------+----+-----------+-----+-----------+
    |B_WEN_A                  |   9|          2|    4|          8|
    |ap_NS_fsm                |  21|          4|    1|          4|
    |ap_enable_reg_pp0_iter1  |  15|          3|    1|          3|
    |i_reg_70                 |   9|          2|    6|         12|
    +-------------------------+----+-----------+-----+-----------+
    |Total                    |  54|         11|   12|         27|
    +-------------------------+----+-----------+-----+-----------+

    * Register: 
    +-------------------------+---+----+-----+-----------+
    |           Name          | FF| LUT| Bits| Const Bits|
    +-------------------------+---+----+-----+-----------+
    |ap_CS_fsm                |  3|   0|    3|          0|
    |ap_enable_reg_pp0_iter0  |  1|   0|    1|          0|
    |ap_enable_reg_pp0_iter1  |  1|   0|    1|          0|
    |i_reg_70                 |  6|   0|    6|          0|
    |icmp_ln78_reg_105        |  1|   0|    1|          0|
    |zext_ln79_reg_114        |  6|   0|   64|         58|
    +-------------------------+---+----+-----+-----------+
    |Total                    | 18|   0|   76|         58|
    +-------------------------+---+----+-----+-----------+



================================================================
== Interface
================================================================
* Summary: 
+----------+-----+-----+------------+---------------+--------------+
| RTL Ports| Dir | Bits|  Protocol  | Source Object |    C Type    |
+----------+-----+-----+------------+---------------+--------------+
|ap_clk    |  in |    1| ap_ctrl_hs | example_label | return value |
|ap_rst    |  in |    1| ap_ctrl_hs | example_label | return value |
|ap_start  |  in |    1| ap_ctrl_hs | example_label | return value |
|ap_done   | out |    1| ap_ctrl_hs | example_label | return value |
|ap_idle   | out |    1| ap_ctrl_hs | example_label | return value |
|ap_ready  | out |    1| ap_ctrl_hs | example_label | return value |
|A_Addr_A  | out |   32|    bram    |       A       |     array    |
|A_EN_A    | out |    1|    bram    |       A       |     array    |
|A_WEN_A   | out |    4|    bram    |       A       |     array    |
|A_Din_A   | out |   32|    bram    |       A       |     array    |
|A_Dout_A  |  in |   32|    bram    |       A       |     array    |
|A_Clk_A   | out |    1|    bram    |       A       |     array    |
|A_Rst_A   | out |    1|    bram    |       A       |     array    |
|B_Addr_A  | out |   32|    bram    |       B       |     array    |
|B_EN_A    | out |    1|    bram    |       B       |     array    |
|B_WEN_A   | out |    4|    bram    |       B       |     array    |
|B_Din_A   | out |   32|    bram    |       B       |     array    |
|B_Dout_A  |  in |   32|    bram    |       B       |     array    |
|B_Clk_A   | out |    1|    bram    |       B       |     array    |
|B_Rst_A   | out |    1|    bram    |       B       |     array    |
+----------+-----+-----+------------+---------------+--------------+

