

================================================================
== Vivado HLS Report for 'example_label'
================================================================
* Date:           Tue Aug 13 02:31:27 2019

* Version:        2019.2.0 (Build 2614473 on Sun Aug 11 19:40:23 MDT 2019)
* Project:        proj_loop_label
* Solution:       solution1
* Product family: kintex7
* Target device:  xc7k160t-fbg484-1


================================================================
== Performance Estimates
================================================================
+ Timing (ns): 
    * Summary: 
    +--------+-------+----------+------------+
    |  Clock | Target| Estimated| Uncertainty|
    +--------+-------+----------+------------+
    |ap_clk  |  13.33|     4.635|        3.60|
    +--------+-------+----------+------------+

+ Latency (clock cycles): 
    * Summary: 
    +-----+-----+------------+------------+-----+-----+---------+
    |  Latency  |     Latency Realtime    |  Interval | Pipeline|
    | min | max |     min    |     max    | min | max |   Type  |
    +-----+-----+------------+------------+-----+-----+---------+
    |   52|   52| 0.241 (us) | 0.241 (us) |   52|   52|   none  |
    +-----+-----+------------+------------+-----+-----+---------+

    + Detail: 
        * Instance: 
        N/A

        * Loop: 
        +----------+-----+-----+----------+-----------+-----------+------+----------+
        |          |  Latency  | Iteration|  Initiation Interval  | Trip |          |
        | Loop Name| min | max |  Latency |  achieved |   target  | Count| Pipelined|
        +----------+-----+-----+----------+-----------+-----------+------+----------+
        |- LOOP_1  |   50|   50|         2|          1|          1|    50|    yes   |
        +----------+-----+-----+----------+-----------+-----------+------+----------+

============================================================
+ Verbose Summary: Synthesis Manager
============================================================
InlineROM: 1
ExposeGlobal: 0
============================================================
+ Verbose Summary: CDFG Model
============================================================
IsTopModel: 1
ResetActiveHigh: 1
IsCombinational: 0
IsDatapathOnly: 0
HasWiredReturn: 1
HasMFsm: 0
HasVarLatency: 1
IsPipeline: 0
IsRtlPipelined: 0
IsInstanceOverlapped: 0
IsDontTouch: 0
HasImplIP: 0
IsGatedGlobalClock: 0

+ Individual pipeline summary: 
  * Pipeline-0: initiation interval (II) = 1, depth = 2


============================================================
+ Verbose Summary: Schedule
============================================================
* Number of FSM states : 4
* Pipeline : 1
  Pipeline-0 : II = 1, D = 2, States = { 2 3 }
* Dataflow Pipeline: 0

* FSM state transitions: 
1 --> 2 
2 --> 4 3 
3 --> 2 
4 --> 

* FSM state operations: 

State 1 <SV = 0> <Delay = 1.06>
ST_1 : Operation 5 [1/1] (0.00ns)   --->   "%spectopmodule_ln0 = spectopmodule void @_ssdm_op_SpecTopModule, void @empty_1"   --->   Operation 5 'spectopmodule' 'spectopmodule_ln0' <Predicate = true> <Delay = 0.00>
ST_1 : Operation 6 [1/1] (0.00ns)   --->   "%specinterface_ln0 = specinterface void @_ssdm_op_SpecInterface, i32 %A, void @empty, i32, i32, void @empty_0, i32, i32, void @empty_0, void @empty_0, void @empty_0, i32, i32, i32, i32, void @empty_0, void @empty_0"   --->   Operation 6 'specinterface' 'specinterface_ln0' <Predicate = true> <Delay = 0.00>
ST_1 : Operation 7 [1/1] (0.00ns)   --->   "%specbitsmap_ln0 = specbitsmap void @_ssdm_op_SpecBitsMap, i32 %A"   --->   Operation 7 'specbitsmap' 'specbitsmap_ln0' <Predicate = true> <Delay = 0.00>
ST_1 : Operation 8 [1/1] (0.00ns)   --->   "%specinterface_ln0 = specinterface void @_ssdm_op_SpecInterface, i32 %B, void @empty, i32, i32, void @empty_0, i32, i32, void @empty_0, void @empty_0, void @empty_0, i32, i32, i32, i32, void @empty_0, void @empty_0"   --->   Operation 8 'specinterface' 'specinterface_ln0' <Predicate = true> <Delay = 0.00>
ST_1 : Operation 9 [1/1] (0.00ns)   --->   "%specbitsmap_ln0 = specbitsmap void @_ssdm_op_SpecBitsMap, i32 %B"   --->   Operation 9 'specbitsmap' 'specbitsmap_ln0' <Predicate = true> <Delay = 0.00>
ST_1 : Operation 10 [1/1] (1.06ns)   --->   "%br_ln78 = br void %for.inc" [example.cpp:78]   --->   Operation 10 'br' 'br_ln78' <Predicate = true> <Delay = 1.06>

State 2 <SV = 1> <Delay = 1.42>
ST_2 : Operation 11 [1/1] (0.00ns)   --->   "%i = phi i6 %add_ln78, void %for.inc.split, i6, void %entry" [example.cpp:78]   --->   Operation 11 'phi' 'i' <Predicate = true> <Delay = 0.00>
ST_2 : Operation 12 [1/1] (0.00ns)   --->   "%specpipeline_ln0 = specpipeline void @_ssdm_op_SpecPipeline, i32, i32, i32, i32, void @p_str"   --->   Operation 12 'specpipeline' 'specpipeline_ln0' <Predicate = true> <Delay = 0.00>
ST_2 : Operation 13 [1/1] (1.15ns)   --->   "%icmp_ln78 = icmp_eq  i6 %i, i6" [example.cpp:78]   --->   Operation 13 'icmp' 'icmp_ln78' <Predicate = true> <Delay = 1.15> <Core = "Cmp">   --->   Core 26 'Cmp' <Latency = 0> <II = 1> <Delay = 1.15> <FuncUnit> <Opcode : 'icmp'> <InPorts = 2> <OutPorts = 1>
ST_2 : Operation 14 [1/1] (0.00ns)   --->   "%empty = speclooptripcount i32 @_ssdm_op_SpecLoopTripCount, i64, i64, i64"   --->   Operation 14 'speclooptripcount' 'empty' <Predicate = true> <Delay = 0.00>
ST_2 : Operation 15 [1/1] (1.35ns)   --->   "%add_ln78 = add i6 %i, i6" [example.cpp:78]   --->   Operation 15 'add' 'add_ln78' <Predicate = true> <Delay = 1.35> <Core = "AddSub">   --->   Core 15 'AddSub' <Latency = 0> <II = 1> <Delay = 1.78> <FuncUnit> <Opcode : 'add' 'sub'> <InPorts = 2> <OutPorts = 1>
ST_2 : Operation 16 [1/1] (0.00ns)   --->   "%br_ln78 = br i1 %icmp_ln78, void %for.inc.split, void %for.end" [example.cpp:78]   --->   Operation 16 'br' 'br_ln78' <Predicate = true> <Delay = 0.00>
ST_2 : Operation 17 [1/1] (0.00ns)   --->   "%zext_ln79 = zext i6 %i" [example.cpp:79]   --->   Operation 17 'zext' 'zext_ln79' <Predicate = (!icmp_ln78)> <Delay = 0.00>
ST_2 : Operation 18 [1/1] (0.00ns)   --->   "%A_addr = getelementptr i32 %A, i64, i64 %zext_ln79" [example.cpp:79]   --->   Operation 18 'getelementptr' 'A_addr' <Predicate = (!icmp_ln78)> <Delay = 0.00>
ST_2 : Operation 19 [2/2] (1.42ns)   --->   "%A_load = load i6 %A_addr" [example.cpp:79]   --->   Operation 19 'load' 'A_load' <Predicate = (!icmp_ln78)> <Delay = 1.42> <Core = "RAM">   --->   Core 38 'RAM' <Latency = 1> <II = 1> <Delay = 1.42> <Storage> <Opcode : 'load' 'store'> <Ports = 2> <Width = 32> <Depth = 50> <RAM>

State 3 <SV = 2> <Delay = 4.63>
ST_3 : Operation 20 [1/1] (0.00ns)   --->   "%specloopname_ln76 = specloopname void @_ssdm_op_SpecLoopName, void @empty_2" [example.cpp:76]   --->   Operation 20 'specloopname' 'specloopname_ln76' <Predicate = (!icmp_ln78)> <Delay = 0.00>
ST_3 : Operation 21 [1/2] (1.42ns)   --->   "%A_load = load i6 %A_addr" [example.cpp:79]   --->   Operation 21 'load' 'A_load' <Predicate = (!icmp_ln78)> <Delay = 1.42> <Core = "RAM">   --->   Core 38 'RAM' <Latency = 1> <II = 1> <Delay = 1.42> <Storage> <Opcode : 'load' 'store'> <Ports = 2> <Width = 32> <Depth = 50> <RAM>
ST_3 : Operation 22 [1/1] (1.78ns)   --->   "%add_ln79 = add i32 %A_load, i32" [example.cpp:79]   --->   Operation 22 'add' 'add_ln79' <Predicate = (!icmp_ln78)> <Delay = 1.78> <Core = "AddSub">   --->   Core 15 'AddSub' <Latency = 0> <II = 1> <Delay = 1.78> <FuncUnit> <Opcode : 'add' 'sub'> <InPorts = 2> <OutPorts = 1>
ST_3 : Operation 23 [1/1] (0.00ns)   --->   "%B_addr = getelementptr i32 %B, i64, i64 %zext_ln79" [example.cpp:79]   --->   Operation 23 'getelementptr' 'B_addr' <Predicate = (!icmp_ln78)> <Delay = 0.00>
ST_3 : Operation 24 [1/1] (1.42ns)   --->   "%store_ln79 = store i32 %add_ln79, i6 %B_addr" [example.cpp:79]   --->   Operation 24 'store' 'store_ln79' <Predicate = (!icmp_ln78)> <Delay = 1.42> <Core = "RAM">   --->   Core 38 'RAM' <Latency = 1> <II = 1> <Delay = 1.42> <Storage> <Opcode : 'load' 'store'> <Ports = 2> <Width = 32> <Depth = 50> <RAM>
ST_3 : Operation 25 [1/1] (0.00ns)   --->   "%br_ln0 = br void %for.inc"   --->   Operation 25 'br' 'br_ln0' <Predicate = (!icmp_ln78)> <Delay = 0.00>

State 4 <SV = 2> <Delay = 0.00>
ST_4 : Operation 26 [1/1] (0.00ns)   --->   "%ret_ln81 = ret" [example.cpp:81]   --->   Operation 26 'ret' 'ret_ln81' <Predicate = true> <Delay = 0.00>


============================================================
+ Verbose Summary: Binding
============================================================
STG Binding: 
---------------- STG Properties BEGIN ----------------
- Is combinational: 0
- Is one-state seq: 0
- Is datapath-only: 0
- Is pipelined: 0
- Is top level: 1
Port [ Return ] is wired: 1; IO mode=ap_ctrl_hs:ce=0
Port [ A]:  wired=1; compound=1; hidden=0; nouse=0; global=0; static=0; extern=0; dir=0; type=1; pingpong=0; private_global=0; MemPort=[13]; IO mode=bram:ce=0
Port [ B]:  wired=1; compound=1; hidden=0; nouse=0; global=0; static=0; extern=0; dir=1; type=1; pingpong=0; private_global=0; MemPort=[03]; IO mode=bram:ce=0
---------------- STG Properties END ------------------

---------------- Datapath Model BEGIN ----------------

<LifeTime>
<method=bitvector/>
spectopmodule_ln0 (spectopmodule    ) [ 00000]
specinterface_ln0 (specinterface    ) [ 00000]
specbitsmap_ln0   (specbitsmap      ) [ 00000]
specinterface_ln0 (specinterface    ) [ 00000]
specbitsmap_ln0   (specbitsmap      ) [ 00000]
br_ln78           (br               ) [ 01110]
i                 (phi              ) [ 00100]
specpipeline_ln0  (specpipeline     ) [ 00000]
icmp_ln78         (icmp             ) [ 00110]
empty             (speclooptripcount) [ 00000]
add_ln78          (add              ) [ 01110]
br_ln78           (br               ) [ 00000]
zext_ln79         (zext             ) [ 00110]
A_addr            (getelementptr    ) [ 00110]
specloopname_ln76 (specloopname     ) [ 00000]
A_load            (load             ) [ 00000]
add_ln79          (add              ) [ 00000]
B_addr            (getelementptr    ) [ 00000]
store_ln79        (store            ) [ 00000]
br_ln0            (br               ) [ 01110]
ret_ln81          (ret              ) [ 00000]
</LifeTime>

<model>

<comp_list>
<comp id="0" class="1000" name="A">
<pin_list>
<pin id="1" dir="1" index="0" bw="1" slack="0"/>
</pin_list>
<bind>
<StgValue><ssdm name="A"/><MemPortTyVec>1 3 </MemPortTyVec>
</StgValue>
</bind>
</comp>

<comp id="2" class="1000" name="B">
<pin_list>
<pin id="3" dir="1" index="0" bw="1" slack="0"/>
</pin_list>
<bind>
<StgValue><ssdm name="B"/><MemPortTyVec>0 3 </MemPortTyVec>
</StgValue>
</bind>
</comp>

<comp id="4" class="1001" name="const_4">
<pin_list>
<pin id="5" dir="1" index="0" bw="1" slack="2147483647"/>
</pin_list>
<bind>
<StgValue><ssdm name="_ssdm_op_SpecTopModule"/></StgValue>
</bind>
</comp>

<comp id="6" class="1001" name="const_6">
<pin_list>
<pin id="7" dir="1" index="0" bw="1" slack="2147483647"/>
</pin_list>
<bind>
<StgValue><ssdm name="empty_1"/></StgValue>
</bind>
</comp>

<comp id="8" class="1001" name="const_8">
<pin_list>
<pin id="9" dir="1" index="0" bw="1" slack="2147483647"/>
</pin_list>
<bind>
<StgValue><ssdm name="_ssdm_op_SpecInterface"/></StgValue>
</bind>
</comp>

<comp id="10" class="1001" name="const_10">
<pin_list>
<pin id="11" dir="1" index="0" bw="1" slack="2147483647"/>
</pin_list>
<bind>
<StgValue><ssdm name="empty"/></StgValue>
</bind>
</comp>

<comp id="12" class="1001" name="const_12">
<pin_list>
<pin id="13" dir="1" index="0" bw="1" slack="2147483647"/>
</pin_list>
<bind>
<StgValue><ssdm name=""/></StgValue>
</bind>
</comp>

<comp id="14" class="1001" name="const_14">
<pin_list>
<pin id="15" dir="1" index="0" bw="1" slack="2147483647"/>
</pin_list>
<bind>
<StgValue><ssdm name="empty_0"/></StgValue>
</bind>
</comp>

<comp id="16" class="1001" name="const_16">
<pin_list>
<pin id="17" dir="1" index="0" bw="1" slack="2147483647"/>
</pin_list>
<bind>
<StgValue><ssdm name="_ssdm_op_SpecBitsMap"/></StgValue>
</bind>
</comp>

<comp id="18" class="1001" name="const_18">
<pin_list>
<pin id="19" dir="1" index="0" bw="1" slack="1"/>
</pin_list>
<bind>
<StgValue><ssdm name=""/></StgValue>
</bind>
</comp>

<comp id="20" class="1001" name="const_20">
<pin_list>
<pin id="21" dir="1" index="0" bw="1" slack="2147483647"/>
</pin_list>
<bind>
<StgValue><ssdm name="_ssdm_op_SpecPipeline"/></StgValue>
</bind>
</comp>

<comp id="22" class="1001" name="const_22">
<pin_list>
<pin id="23" dir="1" index="0" bw="1" slack="2147483647"/>
</pin_list>
<bind>
<StgValue><ssdm name=""/></StgValue>
</bind>
</comp>

<comp id="24" class="1001" name="const_24">
<pin_list>
<pin id="25" dir="1" index="0" bw="1" slack="2147483647"/>
</pin_list>
<bind>
<StgValue><ssdm name=""/></StgValue>
</bind>
</comp>

<comp id="26" class="1001" name="const_26">
<pin_list>
<pin id="27" dir="1" index="0" bw="1" slack="2147483647"/>
</pin_list>
<bind>
<StgValue><ssdm name="p_str"/></StgValue>
</bind>
</comp>

<comp id="28" class="1001" name="const_28">
<pin_list>
<pin id="29" dir="1" index="0" bw="1" slack="0"/>
</pin_list>
<bind>
<StgValue><ssdm name=""/></StgValue>
</bind>
</comp>

<comp id="30" class="1001" name="const_30">
<pin_list>
<pin id="31" dir="1" index="0" bw="1" slack="2147483647"/>
</pin_list>
<bind>
<StgValue><ssdm name="_ssdm_op_SpecLoopTripCount"/></StgValue>
</bind>
</comp>

<comp id="32" class="1001" name="const_32">
<pin_list>
<pin id="33" dir="1" index="0" bw="1" slack="2147483647"/>
</pin_list>
<bind>
<StgValue><ssdm name=""/></StgValue>
</bind>
</comp>

<comp id="34" class="1001" name="const_34">
<pin_list>
<pin id="35" dir="1" index="0" bw="1" slack="0"/>
</pin_list>
<bind>
<StgValue><ssdm name=""/></StgValue>
</bind>
</comp>

<comp id="36" class="1001" name="const_36">
<pin_list>
<pin id="37" dir="1" index="0" bw="1" slack="0"/>
</pin_list>
<bind>
<StgValue><ssdm name=""/></StgValue>
</bind>
</comp>

<comp id="38" class="1001" name="const_38">
<pin_list>
<pin id="39" dir="1" index="0" bw="1" slack="2147483647"/>
</pin_list>
<bind>
<StgValue><ssdm name="_ssdm_op_SpecLoopName"/></StgValue>
</bind>
</comp>

<comp id="40" class="1001" name="const_40">
<pin_list>
<pin id="41" dir="1" index="0" bw="1" slack="2147483647"/>
</pin_list>
<bind>
<StgValue><ssdm name="empty_2"/></StgValue>
</bind>
</comp>

<comp id="42" class="1001" name="const_42">
<pin_list>
<pin id="43" dir="1" index="0" bw="1" slack="0"/>
</pin_list>
<bind>
<StgValue><ssdm name=""/></StgValue>
</bind>
</comp>

<comp id="44" class="1004" name="A_addr_gep_fu_44">
<pin_list>
<pin id="45" dir="0" index="0" bw="32" slack="0"/>
<pin id="46" dir="0" index="1" bw="1" slack="0"/>
<pin id="47" dir="0" index="2" bw="6" slack="0"/>
<pin id="48" dir="1" index="3" bw="6" slack="0"/>
</pin_list>
<bind>
<opcode="getelementptr(29) " fcode="getelementptr"/>
<opset="A_addr/2 "/>
</bind>
</comp>

<comp id="51" class="1004" name="grp_access_fu_51">
<pin_list>
<pin id="52" dir="0" index="0" bw="6" slack="0"/>
<pin id="53" dir="0" index="1" bw="32" slack="2147483647"/>
<pin id="54" dir="0" index="2" bw="0" slack="2147483647"/>
<pin id="55" dir="1" index="3" bw="32" slack="0"/>
</pin_list>
<bind>
<opcode="load(27) " fcode="load"/>
<opset="A_load/2 "/>
</bind>
</comp>

<comp id="57" class="1004" name="B_addr_gep_fu_57">
<pin_list>
<pin id="58" dir="0" index="0" bw="32" slack="0"/>
<pin id="59" dir="0" index="1" bw="1" slack="0"/>
<pin id="60" dir="0" index="2" bw="6" slack="1"/>
<pin id="61" dir="1" index="3" bw="6" slack="0"/>
</pin_list>
<bind>
<opcode="getelementptr(29) " fcode="getelementptr"/>
<opset="B_addr/3 "/>
</bind>
</comp>

<comp id="64" class="1004" name="store_ln79_access_fu_64">
<pin_list>
<pin id="65" dir="0" index="0" bw="6" slack="0"/>
<pin id="66" dir="0" index="1" bw="32" slack="0"/>
<pin id="67" dir="0" index="2" bw="0" slack="2147483647"/>
<pin id="68" dir="1" index="3" bw="32" slack="2147483647"/>
</pin_list>
<bind>
<opcode="store(28) " fcode="store"/>
<opset="store_ln79/3 "/>
</bind>
</comp>

<comp id="70" class="1005" name="i_reg_70">
<pin_list>
<pin id="71" dir="0" index="0" bw="6" slack="1"/>
<pin id="72" dir="1" index="1" bw="6" slack="1"/>
</pin_list>
<bind>
<opset="i (phireg) "/>
</bind>
</comp>

<comp id="74" class="1004" name="i_phi_fu_74">
<pin_list>
<pin id="75" dir="0" index="0" bw="6" slack="0"/>
<pin id="76" dir="0" index="1" bw="0" slack="2147483647"/>
<pin id="77" dir="0" index="2" bw="1" slack="1"/>
<pin id="78" dir="0" index="3" bw="0" slack="2147483647"/>
<pin id="79" dir="1" index="4" bw="6" slack="0"/>
</pin_list>
<bind>
<opcode="phi(47) " fcode="phi"/>
<opset="i/2 "/>
</bind>
</comp>

<comp id="81" class="1004" name="icmp_ln78_fu_81">
<pin_list>
<pin id="82" dir="0" index="0" bw="6" slack="0"/>
<pin id="83" dir="0" index="1" bw="5" slack="0"/>
<pin id="84" dir="1" index="2" bw="1" slack="1"/>
</pin_list>
<bind>
<opcode="icmp(45) " fcode="icmp"/>
<opset="icmp_ln78/2 "/>
</bind>
</comp>

<comp id="87" class="1004" name="add_ln78_fu_87">
<pin_list>
<pin id="88" dir="0" index="0" bw="6" slack="0"/>
<pin id="89" dir="0" index="1" bw="1" slack="0"/>
<pin id="90" dir="1" index="2" bw="6" slack="0"/>
</pin_list>
<bind>
<opcode="add(8) " fcode="add"/>
<opset="add_ln78/2 "/>
</bind>
</comp>

<comp id="93" class="1004" name="zext_ln79_fu_93">
<pin_list>
<pin id="94" dir="0" index="0" bw="6" slack="0"/>
<pin id="95" dir="1" index="1" bw="64" slack="0"/>
</pin_list>
<bind>
<opcode="zext(34) " fcode="zext"/>
<opset="zext_ln79/2 "/>
</bind>
</comp>

<comp id="98" class="1004" name="add_ln79_fu_98">
<pin_list>
<pin id="99" dir="0" index="0" bw="32" slack="0"/>
<pin id="100" dir="0" index="1" bw="4" slack="0"/>
<pin id="101" dir="1" index="2" bw="32" slack="0"/>
</pin_list>
<bind>
<opcode="add(8) " fcode="add"/>
<opset="add_ln79/3 "/>
</bind>
</comp>

<comp id="105" class="1005" name="icmp_ln78_reg_105">
<pin_list>
<pin id="106" dir="0" index="0" bw="1" slack="1"/>
<pin id="107" dir="1" index="1" bw="1" slack="2147483647"/>
</pin_list>
<bind>
<opset="icmp_ln78 "/>
</bind>
</comp>

<comp id="109" class="1005" name="add_ln78_reg_109">
<pin_list>
<pin id="110" dir="0" index="0" bw="6" slack="0"/>
<pin id="111" dir="1" index="1" bw="6" slack="0"/>
</pin_list>
<bind>
<opset="add_ln78 "/>
</bind>
</comp>

<comp id="114" class="1005" name="zext_ln79_reg_114">
<pin_list>
<pin id="115" dir="0" index="0" bw="64" slack="1"/>
<pin id="116" dir="1" index="1" bw="64" slack="1"/>
</pin_list>
<bind>
<opset="zext_ln79 "/>
</bind>
</comp>

<comp id="119" class="1005" name="A_addr_reg_119">
<pin_list>
<pin id="120" dir="0" index="0" bw="6" slack="1"/>
<pin id="121" dir="1" index="1" bw="6" slack="1"/>
</pin_list>
<bind>
<opset="A_addr "/>
</bind>
</comp>

</comp_list>

<net_list>
<net id="49"><net_src comp="0" pin="0"/><net_sink comp="44" pin=0"/></net>

<net id="50"><net_src comp="36" pin="0"/><net_sink comp="44" pin=1"/></net>

<net id="56"><net_src comp="44" pin="3"/><net_sink comp="51" pin=0"/></net>

<net id="62"><net_src comp="2" pin="0"/><net_sink comp="57" pin=0"/></net>

<net id="63"><net_src comp="36" pin="0"/><net_sink comp="57" pin=1"/></net>

<net id="69"><net_src comp="57" pin="3"/><net_sink comp="64" pin=0"/></net>

<net id="73"><net_src comp="18" pin="0"/><net_sink comp="70" pin=0"/></net>

<net id="80"><net_src comp="70" pin="1"/><net_sink comp="74" pin=2"/></net>

<net id="85"><net_src comp="74" pin="4"/><net_sink comp="81" pin=0"/></net>

<net id="86"><net_src comp="28" pin="0"/><net_sink comp="81" pin=1"/></net>

<net id="91"><net_src comp="74" pin="4"/><net_sink comp="87" pin=0"/></net>

<net id="92"><net_src comp="34" pin="0"/><net_sink comp="87" pin=1"/></net>

<net id="96"><net_src comp="74" pin="4"/><net_sink comp="93" pin=0"/></net>

<net id="97"><net_src comp="93" pin="1"/><net_sink comp="44" pin=2"/></net>

<net id="102"><net_src comp="51" pin="3"/><net_sink comp="98" pin=0"/></net>

<net id="103"><net_src comp="42" pin="0"/><net_sink comp="98" pin=1"/></net>

<net id="104"><net_src comp="98" pin="2"/><net_sink comp="64" pin=1"/></net>

<net id="108"><net_src comp="81" pin="2"/><net_sink comp="105" pin=0"/></net>

<net id="112"><net_src comp="87" pin="2"/><net_sink comp="109" pin=0"/></net>

<net id="113"><net_src comp="109" pin="1"/><net_sink comp="74" pin=0"/></net>

<net id="117"><net_src comp="93" pin="1"/><net_sink comp="114" pin=0"/></net>

<net id="118"><net_src comp="114" pin="1"/><net_sink comp="57" pin=2"/></net>

<net id="122"><net_src comp="44" pin="3"/><net_sink comp="119" pin=0"/></net>

<net id="123"><net_src comp="119" pin="1"/><net_sink comp="51" pin=0"/></net>

</net_list>

</model> 
---------------- Datapath Model END ------------------

* FSMD analyzer results:
  - Output states:
	Port: B | {3 }
 - Input state : 
	Port: example_label : A | {2 3 }
  - Chain level:
	State 1
	State 2
		icmp_ln78 : 1
		add_ln78 : 1
		br_ln78 : 2
		zext_ln79 : 1
		A_addr : 2
		A_load : 3
	State 3
		add_ln79 : 1
		store_ln79 : 2
	State 4


============================================================
+ Verbose Summary: Datapath Resource usage 
============================================================

* Functional unit list:
|----------|-----------------|---------|---------|
| Operation| Functional Unit |    FF   |   LUT   |
|----------|-----------------|---------|---------|
|    add   |  add_ln78_fu_87 |    0    |    15   |
|          |  add_ln79_fu_98 |    0    |    39   |
|----------|-----------------|---------|---------|
|   icmp   | icmp_ln78_fu_81 |    0    |    11   |
|----------|-----------------|---------|---------|
|   zext   | zext_ln79_fu_93 |    0    |    0    |
|----------|-----------------|---------|---------|
|   Total  |                 |    0    |    65   |
|----------|-----------------|---------|---------|

Memories:
N/A

* Register list:
+-----------------+--------+
|                 |   FF   |
+-----------------+--------+
|  A_addr_reg_119 |    6   |
| add_ln78_reg_109|    6   |
|     i_reg_70    |    6   |
|icmp_ln78_reg_105|    1   |
|zext_ln79_reg_114|   64   |
+-----------------+--------+
|      Total      |   83   |
+-----------------+--------+

* Multiplexer (MUX) list: 
|------------------|------|------|------|--------||---------||---------|
|       Comp       |  Pin | Size |  BW  | S x BW ||  Delay  ||   LUT   |
|------------------|------|------|------|--------||---------||---------|
| grp_access_fu_51 |  p0  |   2  |   6  |   12   ||    9    |
|------------------|------|------|------|--------||---------||---------|
|       Total      |      |      |      |   12   ||  1.061  ||    9    |
|------------------|------|------|------|--------||---------||---------|



* Summary:
+-----------+--------+--------+--------+
|           |  Delay |   FF   |   LUT  |
+-----------+--------+--------+--------+
|  Function |    -   |    0   |   65   |
|   Memory  |    -   |    -   |    -   |
|Multiplexer|    1   |    -   |    9   |
|  Register |    -   |   83   |    -   |
+-----------+--------+--------+--------+
|   Total   |    1   |   83   |   74   |
+-----------+--------+--------+--------+
