warning: profile data may be out of date: of 165 functions, 1 has mismatched data that will be ignored [-Wprofile-instr-out-of-date]
1 warning generated.
Function:_Z7exampleRN3hls6streamI7ap_axisILi32ELi2ELi5ELi6EELi0EEES4_ ---> FID:1
Function:_Z6proc_1RN3hls6streamI7ap_axisILi32ELi2ELi5ELi6EELi0EEERNS0_IiLi0EEES6_ ---> FID:2
Function:_Z5test1v ---> FID:3
Function:_Z5test2v ---> FID:4
Function:_Z6proc_2RN3hls6streamI7ap_axisILi32ELi2ELi5ELi6EELi0EEERNS0_IiLi0EEES6_ ---> FID:5
CFGHierUserfilelist:[/home/qingqing/git/hello-world/data_flow_dl_data_streams/example_test.cpp /home/qingqing/git/hello-world/data_flow_dl_data_streams/example.cpp]
TopFunctionName:example
Writing 'callgraphDemangle.dot'...Function:_Z7exampleRN3hls6streamI7ap_axisILi32ELi2ELi5ELi6EELi0EEES4_ ---> FID:1
Function:_Z6proc_1RN3hls6streamI7ap_axisILi32ELi2ELi5ELi6EELi0EEERNS0_IiLi0EEES6_ ---> FID:2
Function:_Z5test1v ---> FID:3
Function:_Z5test2v ---> FID:4
Function:_Z6proc_2RN3hls6streamI7ap_axisILi32ELi2ELi5ELi6EELi0EEERNS0_IiLi0EEES6_ ---> FID:5

Writing 'cfg__GLOBAL__sub_I_example_test.cpp_csim.dot'...
Writing 'cfg___cxx_global_var_init_csim.dot'...
Writing 'cfg_main_csim.dot'...Function:_Z7exampleRN3hls6streamI7ap_axisILi32ELi2ELi5ELi6EELi0EEES4_ ---> FID:1

Writing 'cfg__ZN3hls6streamI7ap_axisILi32ELi2ELi5ELi6EELi0EEC2Ev_csim.dot'...
Writing 'cfg__ZN7ap_axisILi32ELi2ELi5ELi6EEC2Ev_csim.dot'...
Writing 'cfg__ZN6ap_intILi32EEC2Ei_csim.dot'...
Writing 'cfg__ZN6ap_intILi32EEaSERKS0__csim.dot'...
Writing 'cfg__ZN6ap_intILi32EED2Ev_csim.dot'...
Writing 'cfg__ZN7ap_uintILi4EEC2Ei_csim.dot'...
Writing 'cfg__ZN7ap_uintILi4EEaSERKS0__csim.dot'...
Writing 'cfg__ZN7ap_uintILi4EED2Ev_csim.dot'...
Writing 'cfg__ZN7ap_uintILi2EEC2Ei_csim.dot'...
Writing 'cfg__ZN7ap_uintILi2EEaSERKS0__csim.dot'...
Writing 'cfg__ZN7ap_uintILi2EED2Ev_csim.dot'...
Writing 'cfg__ZN7ap_uintILi1EEC2Ei_csim.dot'...
Writing 'cfg__ZN7ap_uintILi1EEaSERKS0__csim.dot'...
Writing 'cfg__ZN7ap_uintILi1EED2Ev_csim.dot'...
Writing 'cfg__ZN7ap_uintILi5EEC2Ei_csim.dot'...
Writing 'cfg__ZN7ap_uintILi5EEaSERKS0__csim.dot'...
Writing 'cfg__ZN7ap_uintILi5EED2Ev_csim.dot'...
Writing 'cfg__ZN7ap_uintILi6EEC2Ei_csim.dot'...
Writing 'cfg__ZN7ap_uintILi6EEaSERKS0__csim.dot'...
Writing 'cfg__ZN7ap_uintILi6EED2Ev_csim.dot'...
Writing 'cfg__ZN3hls6streamI7ap_axisILi32ELi2ELi5ELi6EELi0EElsERKS2__csim.dot'...
Writing 'cfg__ZN3hls6streamI7ap_axisILi32ELi2ELi5ELi6EELi0EE4readEv_csim.dot'...
Writing 'cfg__ZN7ap_axisILi32ELi2ELi5ELi6EEaSEOS0__csim.dot'...
Writing 'cfg__ZN7ap_axisILi32ELi2ELi5ELi6EED2Ev_csim.dot'...
Writing 'cfg__ZNK11ap_int_baseILi32ELb1EE6to_intEv_csim.dot'...
Writing 'cfg__ZN3hls6streamI7ap_axisILi32ELi2ELi5ELi6EELi0EED2Ev_csim.dot'...
Writing 'cfg__ZNKSt5dequeI7ap_axisILi32ELi2ELi5ELi6EESaIS1_EE5emptyEv_csim.dot'...
Writing 'cfg__ZNSt5dequeI7ap_axisILi32ELi2ELi5ELi6EESaIS1_EED2Ev_csim.dot'...
Writing 'cfg__ZNSt5dequeI7ap_axisILi32ELi2ELi5ELi6EESaIS1_EE5beginEv_csim.dot'...
Writing 'cfg__ZNSt5dequeI7ap_axisILi32ELi2ELi5ELi6EESaIS1_EE3endEv_csim.dot'...
Writing 'cfg__ZNSt11_Deque_baseI7ap_axisILi32ELi2ELi5ELi6EESaIS1_EE19_M_get_Tp_allocatorEv_csim.dot'...
Writing 'cfg__ZNSt5dequeI7ap_axisILi32ELi2ELi5ELi6EESaIS1_EE15_M_destroy_dataESt15_Deque_iteratorIS1_RS1_PS1_ES7_RKS2__csim.dot'...
Writing 'cfg__ZNSt11_Deque_baseI7ap_axisILi32ELi2ELi5ELi6EESaIS1_EED2Ev_csim.dot'...
Writing 'cfg__ZNSt11_Deque_baseI7ap_axisILi32ELi2ELi5ELi6EESaIS1_EE16_M_destroy_nodesEPPS1_S5__csim.dot'...
Writing 'cfg__ZNSt11_Deque_baseI7ap_axisILi32ELi2ELi5ELi6EESaIS1_EE17_M_deallocate_mapEPPS1_m_csim.dot'...
Writing 'cfg__ZNSt11_Deque_baseI7ap_axisILi32ELi2ELi5ELi6EESaIS1_EE11_Deque_implD2Ev_csim.dot'...
Writing 'cfg__ZNSaI7ap_axisILi32ELi2ELi5ELi6EEED2Ev_csim.dot'...
Writing 'cfg__ZN9__gnu_cxx13new_allocatorI7ap_axisILi32ELi2ELi5ELi6EEED2Ev_csim.dot'...
Writing 'cfg__ZNKSt11_Deque_baseI7ap_axisILi32ELi2ELi5ELi6EESaIS1_EE20_M_get_map_allocatorEv_csim.dot'...
Writing 'cfg__ZNSt16allocator_traitsISaIP7ap_axisILi32ELi2ELi5ELi6EEEE10deallocateERS3_PS2_m_csim.dot'...
Writing 'cfg__ZNSaIP7ap_axisILi32ELi2ELi5ELi6EEED2Ev_csim.dot'...
Writing 'cfg__ZN9__gnu_cxx13new_allocatorIP7ap_axisILi32ELi2ELi5ELi6EEED2Ev_csim.dot'...
Writing 'cfg__ZN9__gnu_cxx13new_allocatorIP7ap_axisILi32ELi2ELi5ELi6EEE10deallocateEPS3_m_csim.dot'...
Writing 'cfg__ZNKSt11_Deque_baseI7ap_axisILi32ELi2ELi5ELi6EESaIS1_EE19_M_get_Tp_allocatorEv_csim.dot'...
Writing 'cfg__ZNSaIP7ap_axisILi32ELi2ELi5ELi6EEEC2IS0_EERKSaIT_E_csim.dot'...
Writing 'cfg__ZN9__gnu_cxx13new_allocatorIP7ap_axisILi32ELi2ELi5ELi6EEEC2Ev_csim.dot'...
Writing 'cfg__ZNSt11_Deque_baseI7ap_axisILi32ELi2ELi5ELi6EESaIS1_EE18_M_deallocate_nodeEPS1__csim.dot'...
Writing 'cfg__ZSt16__deque_buf_sizem_csim.dot'...
Writing 'cfg__ZNSt16allocator_traitsISaI7ap_axisILi32ELi2ELi5ELi6EEEE10deallocateERS2_PS1_m_csim.dot'...
Writing 'cfg__ZN9__gnu_cxx13new_allocatorI7ap_axisILi32ELi2ELi5ELi6EEE10deallocateEPS2_m_csim.dot'...
Writing 'cfg__ZNSt15_Deque_iteratorI7ap_axisILi32ELi2ELi5ELi6EERS1_PS1_EC2ERKS4__csim.dot'...
Writing 'cfg__ZNSt5dequeI7ap_axisILi32ELi2ELi5ELi6EESaIS1_EE19_M_destroy_data_auxESt15_Deque_iteratorIS1_RS1_PS1_ES7__csim.dot'...
Writing 'cfg__ZNSt5dequeI7ap_axisILi32ELi2ELi5ELi6EESaIS1_EE14_S_buffer_sizeEv_csim.dot'...
Writing 'cfg__ZSt8_DestroyIP7ap_axisILi32ELi2ELi5ELi6EES1_EvT_S3_RSaIT0_E_csim.dot'...
Writing 'cfg__ZSt8_DestroyIP7ap_axisILi32ELi2ELi5ELi6EEEvT_S3__csim.dot'...
Writing 'cfg__ZNSt12_Destroy_auxILb0EE9__destroyIP7ap_axisILi32ELi2ELi5ELi6EEEEvT_S5__csim.dot'...
Writing 'cfg__ZSt11__addressofI7ap_axisILi32ELi2ELi5ELi6EEEPT_RS2__csim.dot'...
Writing 'cfg__ZSt8_DestroyI7ap_axisILi32ELi2ELi5ELi6EEEvPT__csim.dot'...
Writing 'cfg__ZSteqI7ap_axisILi32ELi2ELi5ELi6EERS1_PS1_EbRKSt15_Deque_iteratorIT_T0_T1_ESA__csim.dot'...
Writing 'cfg__ZN3hls6streamI7ap_axisILi32ELi2ELi5ELi6EELi0EED0Ev_csim.dot'...
Writing 'cfg__ZNK10ap_privateILi32ELb1ELb1EEcviEv_csim.dot'...
Writing 'cfg__ZNK10ap_privateILi32ELb1ELb1EE15get_cleared_VALEv_csim.dot'...
Writing 'cfg__ZNSt5dequeI7ap_axisILi32ELi2ELi5ELi6EESaIS1_EE5frontEv_csim.dot'...
Writing 'cfg__ZN7ap_axisILi32ELi2ELi5ELi6EEaSERKS0__csim.dot'...
Writing 'cfg__ZNSt5dequeI7ap_axisILi32ELi2ELi5ELi6EESaIS1_EE9pop_frontEv_csim.dot'...
Writing 'cfg__ZNSt16allocator_traitsISaI7ap_axisILi32ELi2ELi5ELi6EEEE7destroyIS1_EEvRS2_PT__csim.dot'...
Writing 'cfg__ZNSt5dequeI7ap_axisILi32ELi2ELi5ELi6EESaIS1_EE16_M_pop_front_auxEv_csim.dot'...
Writing 'cfg__ZNSt15_Deque_iteratorI7ap_axisILi32ELi2ELi5ELi6EERS1_PS1_E11_M_set_nodeEPS3__csim.dot'...
Writing 'cfg__ZNSt15_Deque_iteratorI7ap_axisILi32ELi2ELi5ELi6EERS1_PS1_E14_S_buffer_sizeEv_csim.dot'...
Writing 'cfg__ZN9__gnu_cxx13new_allocatorI7ap_axisILi32ELi2ELi5ELi6EEE7destroyIS2_EEvPT__csim.dot'...
Writing 'cfg__ZNKSt15_Deque_iteratorI7ap_axisILi32ELi2ELi5ELi6EERS1_PS1_EdeEv_csim.dot'...
Writing 'cfg__ZN3hls6streamI7ap_axisILi32ELi2ELi5ELi6EELi0EE5writeERKS2__csim.dot'...
Writing 'cfg__ZNSt5dequeI7ap_axisILi32ELi2ELi5ELi6EESaIS1_EE9push_backERKS1__csim.dot'...
Writing 'cfg__ZNSt16allocator_traitsISaI7ap_axisILi32ELi2ELi5ELi6EEEE9constructIS1_JRKS1_EEEvRS2_PT_DpOT0__csim.dot'...
Writing 'cfg__ZNSt5dequeI7ap_axisILi32ELi2ELi5ELi6EESaIS1_EE16_M_push_back_auxIJRKS1_EEEvDpOT__csim.dot'...
Writing 'cfg__ZNSt5dequeI7ap_axisILi32ELi2ELi5ELi6EESaIS1_EE22_M_reserve_map_at_backEm_csim.dot'...
Writing 'cfg__ZNSt11_Deque_baseI7ap_axisILi32ELi2ELi5ELi6EESaIS1_EE16_M_allocate_nodeEv_csim.dot'...
Writing 'cfg__ZSt7forwardIRK7ap_axisILi32ELi2ELi5ELi6EEEOT_RNSt16remove_referenceIS4_E4typeE_csim.dot'...
Writing 'cfg__ZNSt16allocator_traitsISaI7ap_axisILi32ELi2ELi5ELi6EEEE8allocateERS2_m_csim.dot'...
Writing 'cfg__ZN9__gnu_cxx13new_allocatorI7ap_axisILi32ELi2ELi5ELi6EEE8allocateEmPKv_csim.dot'...
Writing 'cfg__ZNK9__gnu_cxx13new_allocatorI7ap_axisILi32ELi2ELi5ELi6EEE8max_sizeEv_csim.dot'...
Writing 'cfg__ZNSt5dequeI7ap_axisILi32ELi2ELi5ELi6EESaIS1_EE17_M_reallocate_mapEmb_csim.dot'...
Writing 'cfg__ZSt4copyIPP7ap_axisILi32ELi2ELi5ELi6EES3_ET0_T_S5_S4__csim.dot'...
Writing 'cfg__ZSt13copy_backwardIPP7ap_axisILi32ELi2ELi5ELi6EES3_ET0_T_S5_S4__csim.dot'...
Writing 'cfg__ZSt3maxImERKT_S2_S2__csim.dot'...
Writing 'cfg__ZNSt11_Deque_baseI7ap_axisILi32ELi2ELi5ELi6EESaIS1_EE15_M_allocate_mapEm_csim.dot'...
Writing 'cfg__ZNSt16allocator_traitsISaIP7ap_axisILi32ELi2ELi5ELi6EEEE8allocateERS3_m_csim.dot'...
Writing 'cfg__ZN9__gnu_cxx13new_allocatorIP7ap_axisILi32ELi2ELi5ELi6EEE8allocateEmPKv_csim.dot'...
Writing 'cfg__ZNK9__gnu_cxx13new_allocatorIP7ap_axisILi32ELi2ELi5ELi6EEE8max_sizeEv_csim.dot'...
Writing 'cfg__ZSt12__miter_baseIPP7ap_axisILi32ELi2ELi5ELi6EEET_S4__csim.dot'...
Writing 'cfg__ZSt23__copy_move_backward_a2ILb0EPP7ap_axisILi32ELi2ELi5ELi6EES3_ET1_T0_S5_S4__csim.dot'...
Writing 'cfg__ZSt12__niter_baseIPP7ap_axisILi32ELi2ELi5ELi6EEET_S4__csim.dot'...
Writing 'cfg__ZSt22__copy_move_backward_aILb0EPP7ap_axisILi32ELi2ELi5ELi6EES3_ET1_T0_S5_S4__csim.dot'...
Writing 'cfg__ZNSt20__copy_move_backwardILb0ELb1ESt26random_access_iterator_tagE13__copy_move_bIP7ap_axisILi32ELi2ELi5ELi6EEEEPT_PKS6_S9_S7__csim.dot'...
Writing 'cfg__ZSt14__copy_move_a2ILb0EPP7ap_axisILi32ELi2ELi5ELi6EES3_ET1_T0_S5_S4__csim.dot'...
Writing 'cfg__ZSt13__copy_move_aILb0EPP7ap_axisILi32ELi2ELi5ELi6EES3_ET1_T0_S5_S4__csim.dot'...
Writing 'cfg__ZNSt11__copy_moveILb0ELb1ESt26random_access_iterator_tagE8__copy_mIP7ap_axisILi32ELi2ELi5ELi6EEEEPT_PKS6_S9_S7__csim.dot'...
Writing 'cfg__ZN9__gnu_cxx13new_allocatorI7ap_axisILi32ELi2ELi5ELi6EEE9constructIS2_JRKS2_EEEvPT_DpOT0__csim.dot'...
Writing 'cfg__ZN11ap_int_baseILi6ELb0EED2Ev_csim.dot'...
Writing 'cfg__ZN12ssdm_int_simILi6ELb0EED2Ev_csim.dot'...
Writing 'cfg__ZN10ap_privateILi6ELb0ELb1EED2Ev_csim.dot'...
Writing 'cfg__ZN10ap_privateILi6ELb0ELb1EE12check_canaryEv_csim.dot'...
Writing 'cfg__ZN10ap_privateILi6ELb0ELb1EEaSERKS0__csim.dot'...
Writing 'cfg__ZNK10ap_privateILi6ELb0ELb1EE7get_VALEv_csim.dot'...
Writing 'cfg__ZNV10ap_privateILi6ELb0ELb1EE15clearUnusedBitsEv_csim.dot'...
Writing 'cfg__ZN11ap_int_baseILi6ELb0EEC2Ev_csim.dot'...
Writing 'cfg__ZN10ap_privateILi6ELb0ELb1EEaSEi_csim.dot'...
Writing 'cfg__ZN10ap_privateILi6ELb0ELb1EE10set_canaryEv_csim.dot'...
Writing 'cfg__ZN12ssdm_int_simILi6ELb0EEC2Ev_csim.dot'...
Writing 'cfg__ZN10ap_privateILi6ELb0ELb1EEC2Ev_csim.dot'...
Writing 'cfg__ZN11ap_int_baseILi5ELb0EED2Ev_csim.dot'...
Writing 'cfg__ZN12ssdm_int_simILi5ELb0EED2Ev_csim.dot'...
Writing 'cfg__ZN10ap_privateILi5ELb0ELb1EED2Ev_csim.dot'...
Writing 'cfg__ZN10ap_privateILi5ELb0ELb1EE12check_canaryEv_csim.dot'...
Writing 'cfg__ZN10ap_privateILi5ELb0ELb1EEaSERKS0__csim.dot'...
Writing 'cfg__ZNK10ap_privateILi5ELb0ELb1EE7get_VALEv_csim.dot'...
Writing 'cfg__ZNV10ap_privateILi5ELb0ELb1EE15clearUnusedBitsEv_csim.dot'...
Writing 'cfg__ZN11ap_int_baseILi5ELb0EEC2Ev_csim.dot'...
Writing 'cfg__ZN10ap_privateILi5ELb0ELb1EEaSEi_csim.dot'...
Writing 'cfg__ZN10ap_privateILi5ELb0ELb1EE10set_canaryEv_csim.dot'...
Writing 'cfg__ZN12ssdm_int_simILi5ELb0EEC2Ev_csim.dot'...
Writing 'cfg__ZN10ap_privateILi5ELb0ELb1EEC2Ev_csim.dot'...
Writing 'cfg__ZN11ap_int_baseILi1ELb0EED2Ev_csim.dot'...
Writing 'cfg__ZN12ssdm_int_simILi1ELb0EED2Ev_csim.dot'...
Writing 'cfg__ZN10ap_privateILi1ELb0ELb1EED2Ev_csim.dot'...
Writing 'cfg__ZN10ap_privateILi1ELb0ELb1EE12check_canaryEv_csim.dot'...
Writing 'cfg__ZN10ap_privateILi1ELb0ELb1EEaSERKS0__csim.dot'...
Writing 'cfg__ZNK10ap_privateILi1ELb0ELb1EE7get_VALEv_csim.dot'...
Writing 'cfg__ZNV10ap_privateILi1ELb0ELb1EE15clearUnusedBitsEv_csim.dot'...
Writing 'cfg__ZN11ap_int_baseILi1ELb0EEC2Ev_csim.dot'...
Writing 'cfg__ZN10ap_privateILi1ELb0ELb1EEaSEi_csim.dot'...
Writing 'cfg__ZN10ap_privateILi1ELb0ELb1EE10set_canaryEv_csim.dot'...
Writing 'cfg__ZN12ssdm_int_simILi1ELb0EEC2Ev_csim.dot'...
Writing 'cfg__ZN10ap_privateILi1ELb0ELb1EEC2Ev_csim.dot'...
Writing 'cfg__ZN11ap_int_baseILi2ELb0EED2Ev_csim.dot'...
Writing 'cfg__ZN12ssdm_int_simILi2ELb0EED2Ev_csim.dot'...
Writing 'cfg__ZN10ap_privateILi2ELb0ELb1EED2Ev_csim.dot'...
Writing 'cfg__ZN10ap_privateILi2ELb0ELb1EE12check_canaryEv_csim.dot'...
Writing 'cfg__ZN10ap_privateILi2ELb0ELb1EEaSERKS0__csim.dot'...
Writing 'cfg__ZNK10ap_privateILi2ELb0ELb1EE7get_VALEv_csim.dot'...
Writing 'cfg__ZNV10ap_privateILi2ELb0ELb1EE15clearUnusedBitsEv_csim.dot'...
Writing 'cfg__ZN11ap_int_baseILi2ELb0EEC2Ev_csim.dot'...
Writing 'cfg__ZN10ap_privateILi2ELb0ELb1EEaSEi_csim.dot'...
Writing 'cfg__ZN10ap_privateILi2ELb0ELb1EE10set_canaryEv_csim.dot'...
Writing 'cfg__ZN12ssdm_int_simILi2ELb0EEC2Ev_csim.dot'...
Writing 'cfg__ZN10ap_privateILi2ELb0ELb1EEC2Ev_csim.dot'...
Writing 'cfg__ZN11ap_int_baseILi4ELb0EED2Ev_csim.dot'...
Writing 'cfg__ZN12ssdm_int_simILi4ELb0EED2Ev_csim.dot'...
Writing 'cfg__ZN10ap_privateILi4ELb0ELb1EED2Ev_csim.dot'...
Writing 'cfg__ZN10ap_privateILi4ELb0ELb1EE12check_canaryEv_csim.dot'...
Writing 'cfg__ZN10ap_privateILi4ELb0ELb1EEaSERKS0__csim.dot'...
Writing 'cfg__ZNK10ap_privateILi4ELb0ELb1EE7get_VALEv_csim.dot'...
Writing 'cfg__ZNV10ap_privateILi4ELb0ELb1EE15clearUnusedBitsEv_csim.dot'...
Writing 'cfg__ZN11ap_int_baseILi4ELb0EEC2Ev_csim.dot'...
Writing 'cfg__ZN10ap_privateILi4ELb0ELb1EEaSEi_csim.dot'...
Writing 'cfg__ZN10ap_privateILi4ELb0ELb1EE10set_canaryEv_csim.dot'...
Writing 'cfg__ZN12ssdm_int_simILi4ELb0EEC2Ev_csim.dot'...
Writing 'cfg__ZN10ap_privateILi4ELb0ELb1EEC2Ev_csim.dot'...
Writing 'cfg__ZN11ap_int_baseILi32ELb1EED2Ev_csim.dot'...
Writing 'cfg__ZN12ssdm_int_simILi32ELb1EED2Ev_csim.dot'...
Writing 'cfg__ZN10ap_privateILi32ELb1ELb1EED2Ev_csim.dot'...
Writing 'cfg__ZN10ap_privateILi32ELb1ELb1EE12check_canaryEv_csim.dot'...
Writing 'cfg__ZN10ap_privateILi32ELb1ELb1EEaSERKS0__csim.dot'...
Writing 'cfg__ZNK10ap_privateILi32ELb1ELb1EE7get_VALEv_csim.dot'...
Writing 'cfg__ZNV10ap_privateILi32ELb1ELb1EE15clearUnusedBitsEv_csim.dot'...
Writing 'cfg__ZN11ap_int_baseILi32ELb1EEC2Ev_csim.dot'...
Writing 'cfg__ZN10ap_privateILi32ELb1ELb1EEaSEi_csim.dot'...
Writing 'cfg__ZN10ap_privateILi32ELb1ELb1EE10set_canaryEv_csim.dot'...
Writing 'cfg__ZN12ssdm_int_simILi32ELb1EEC2Ev_csim.dot'...
Writing 'cfg__ZN10ap_privateILi32ELb1ELb1EEC2Ev_csim.dot'...
Writing 'cfg__ZN6ap_intILi32EEC2Ev_csim.dot'...
Writing 'cfg__ZN7ap_uintILi4EEC2Ev_csim.dot'...
Writing 'cfg__ZN7ap_uintILi2EEC2Ev_csim.dot'...
Writing 'cfg__ZN7ap_uintILi1EEC2Ev_csim.dot'...
Writing 'cfg__ZN7ap_uintILi5EEC2Ev_csim.dot'...
Writing 'cfg__ZN7ap_uintILi6EEC2Ev_csim.dot'...
Writing 'cfg__ZNSt5dequeI7ap_axisILi32ELi2ELi5ELi6EESaIS1_EEC2Ev_csim.dot'...
Writing 'cfg__ZStorSt13_Ios_OpenmodeS__csim.dot'...
Writing 'cfg__ZNKSt9type_info4nameEv_csim.dot'...
Writing 'cfg__ZStplIcSt11char_traitsIcESaIcEENSt7__cxx1112basic_stringIT_T0_T1_EEPKS5_OS8__csim.dot'...
Writing 'cfg__ZSt4moveIRNSt7__cxx1112basic_stringIcSt11char_traitsIcESaIcEEEEONSt16remove_referenceIT_E4typeEOS8__csim.dot'...
Writing 'cfg__ZNSt11_Deque_baseI7ap_axisILi32ELi2ELi5ELi6EESaIS1_EEC2Ev_csim.dot'...
Writing 'cfg__ZNSt11_Deque_baseI7ap_axisILi32ELi2ELi5ELi6EESaIS1_EE11_Deque_implC2Ev_csim.dot'...
Writing 'cfg__ZNSt11_Deque_baseI7ap_axisILi32ELi2ELi5ELi6EESaIS1_EE17_M_initialize_mapEm_csim.dot'...
Writing 'cfg__ZNSt11_Deque_baseI7ap_axisILi32ELi2ELi5ELi6EESaIS1_EE15_M_create_nodesEPPS1_S5__csim.dot'...
Writing 'cfg__ZNSaI7ap_axisILi32ELi2ELi5ELi6EEEC2Ev_csim.dot'...
Writing 'cfg__ZNSt15_Deque_iteratorI7ap_axisILi32ELi2ELi5ELi6EERS1_PS1_EC2Ev_csim.dot'...
Writing 'cfg__ZN9__gnu_cxx13new_allocatorI7ap_axisILi32ELi2ELi5ELi6EEEC2Ev_csim.dot'...
Writing 'cfg__GLOBAL__sub_I_example.cpp_csim.dot'...
Writing 'cfg___cxx_global_var_init.2_csim.dot'...
Function:_Z7exampleRN3hls6streamI7ap_axisILi32ELi2ELi5ELi6EELi0EEES4_ ---> FID:1
Writing 'cfg_1_csim.dot'...Function:_Z6proc_1RN3hls6streamI7ap_axisILi32ELi2ELi5ELi6EELi0EEERNS0_IiLi0EEES6_ ---> FID:2
Function:_Z6proc_2RN3hls6streamI7ap_axisILi32ELi2ELi5ELi6EELi0EEERNS0_IiLi0EEES6_ ---> FID:5

Writing 'cfg__ZN3hls6streamIiLi0EEC2Ev_csim.dot'...
Function:_Z6proc_1RN3hls6streamI7ap_axisILi32ELi2ELi5ELi6EELi0EEERNS0_IiLi0EEES6_ ---> FID:2
Writing 'cfg_2_csim.dot'...Function:_Z5test1v ---> FID:3
Function:_Z5test2v ---> FID:4

Function:_Z6proc_2RN3hls6streamI7ap_axisILi32ELi2ELi5ELi6EELi0EEERNS0_IiLi0EEES6_ ---> FID:5
Writing 'cfg_5_csim.dot'...
Writing 'cfg__ZN3hls6streamIiLi0EED2Ev_csim.dot'...
Writing 'cfg__ZNKSt5dequeIiSaIiEE5emptyEv_csim.dot'...
Writing 'cfg__ZNSt5dequeIiSaIiEED2Ev_csim.dot'...
Writing 'cfg__ZNSt5dequeIiSaIiEE5beginEv_csim.dot'...
Writing 'cfg__ZNSt5dequeIiSaIiEE3endEv_csim.dot'...
Writing 'cfg__ZNSt11_Deque_baseIiSaIiEE19_M_get_Tp_allocatorEv_csim.dot'...
Writing 'cfg__ZNSt5dequeIiSaIiEE15_M_destroy_dataESt15_Deque_iteratorIiRiPiES5_RKS0__csim.dot'...
Writing 'cfg__ZNSt11_Deque_baseIiSaIiEED2Ev_csim.dot'...
Writing 'cfg__ZNSt11_Deque_baseIiSaIiEE16_M_destroy_nodesEPPiS3__csim.dot'...
Writing 'cfg__ZNSt11_Deque_baseIiSaIiEE17_M_deallocate_mapEPPim_csim.dot'...
Writing 'cfg__ZNSt11_Deque_baseIiSaIiEE11_Deque_implD2Ev_csim.dot'...
Writing 'cfg__ZNSaIiED2Ev_csim.dot'...
Writing 'cfg__ZN9__gnu_cxx13new_allocatorIiED2Ev_csim.dot'...
Writing 'cfg__ZNKSt11_Deque_baseIiSaIiEE20_M_get_map_allocatorEv_csim.dot'...
Writing 'cfg__ZNSt16allocator_traitsISaIPiEE10deallocateERS1_PS0_m_csim.dot'...
Writing 'cfg__ZNSaIPiED2Ev_csim.dot'...
Writing 'cfg__ZN9__gnu_cxx13new_allocatorIPiED2Ev_csim.dot'...
Writing 'cfg__ZN9__gnu_cxx13new_allocatorIPiE10deallocateEPS1_m_csim.dot'...
Writing 'cfg__ZNKSt11_Deque_baseIiSaIiEE19_M_get_Tp_allocatorEv_csim.dot'...
Writing 'cfg__ZNSaIPiEC2IiEERKSaIT_E_csim.dot'...
Writing 'cfg__ZN9__gnu_cxx13new_allocatorIPiEC2Ev_csim.dot'...
Writing 'cfg__ZNSt11_Deque_baseIiSaIiEE18_M_deallocate_nodeEPi_csim.dot'...
Writing 'cfg__ZNSt16allocator_traitsISaIiEE10deallocateERS0_Pim_csim.dot'...
Writing 'cfg__ZN9__gnu_cxx13new_allocatorIiE10deallocateEPim_csim.dot'...
Writing 'cfg__ZNSt15_Deque_iteratorIiRiPiEC2ERKS2__csim.dot'...
Writing 'cfg__ZSteqIiRiPiEbRKSt15_Deque_iteratorIT_T0_T1_ES8__csim.dot'...
Writing 'cfg__ZN3hls6streamIiLi0EED0Ev_csim.dot'...
Writing 'cfg__ZN3hls6streamIiLi0EE4readEv_csim.dot'...
Writing 'cfg__ZNSt5dequeIiSaIiEE5frontEv_csim.dot'...
Writing 'cfg__ZNSt5dequeIiSaIiEE9pop_frontEv_csim.dot'...
Writing 'cfg__ZNSt16allocator_traitsISaIiEE7destroyIiEEvRS0_PT__csim.dot'...
Writing 'cfg__ZNSt5dequeIiSaIiEE16_M_pop_front_auxEv_csim.dot'...
Writing 'cfg__ZNSt15_Deque_iteratorIiRiPiE11_M_set_nodeEPS1__csim.dot'...
Writing 'cfg__ZNSt15_Deque_iteratorIiRiPiE14_S_buffer_sizeEv_csim.dot'...
Writing 'cfg__ZN9__gnu_cxx13new_allocatorIiE7destroyIiEEvPT__csim.dot'...
Writing 'cfg__ZNKSt15_Deque_iteratorIiRiPiEdeEv_csim.dot'...
Writing 'cfg__ZNK11ap_int_baseILi32ELb1EEcvxEv_csim.dot'...
Writing 'cfg__ZN3hls6streamIiLi0EE5writeERKi_csim.dot'...
Function:_Z5test1v ---> FID:3
Writing 'cfg_3_csim.dot'...
Function:_Z5test2v ---> FID:4
Writing 'cfg_4_csim.dot'...
Writing 'cfg__ZNSt5dequeIiSaIiEE9push_backERKi_csim.dot'...
Writing 'cfg__ZNSt16allocator_traitsISaIiEE9constructIiJRKiEEEvRS0_PT_DpOT0__csim.dot'...
Writing 'cfg__ZNSt5dequeIiSaIiEE16_M_push_back_auxIJRKiEEEvDpOT__csim.dot'...
Writing 'cfg__ZNSt5dequeIiSaIiEE22_M_reserve_map_at_backEm_csim.dot'...
Writing 'cfg__ZNSt11_Deque_baseIiSaIiEE16_M_allocate_nodeEv_csim.dot'...
Writing 'cfg__ZSt7forwardIRKiEOT_RNSt16remove_referenceIS2_E4typeE_csim.dot'...
Writing 'cfg__ZNSt16allocator_traitsISaIiEE8allocateERS0_m_csim.dot'...
Writing 'cfg__ZN9__gnu_cxx13new_allocatorIiE8allocateEmPKv_csim.dot'...
Writing 'cfg__ZNK9__gnu_cxx13new_allocatorIiE8max_sizeEv_csim.dot'...
Writing 'cfg__ZNSt5dequeIiSaIiEE17_M_reallocate_mapEmb_csim.dot'...
Writing 'cfg__ZSt4copyIPPiS1_ET0_T_S3_S2__csim.dot'...
Writing 'cfg__ZSt13copy_backwardIPPiS1_ET0_T_S3_S2__csim.dot'...
Writing 'cfg__ZNSt11_Deque_baseIiSaIiEE15_M_allocate_mapEm_csim.dot'...
Writing 'cfg__ZNSt16allocator_traitsISaIPiEE8allocateERS1_m_csim.dot'...
Writing 'cfg__ZN9__gnu_cxx13new_allocatorIPiE8allocateEmPKv_csim.dot'...
Writing 'cfg__ZNK9__gnu_cxx13new_allocatorIPiE8max_sizeEv_csim.dot'...
Writing 'cfg__ZSt12__miter_baseIPPiET_S2__csim.dot'...
Writing 'cfg__ZSt23__copy_move_backward_a2ILb0EPPiS1_ET1_T0_S3_S2__csim.dot'...
Writing 'cfg__ZSt12__niter_baseIPPiET_S2__csim.dot'...
Writing 'cfg__ZSt22__copy_move_backward_aILb0EPPiS1_ET1_T0_S3_S2__csim.dot'...
Writing 'cfg__ZNSt20__copy_move_backwardILb0ELb1ESt26random_access_iterator_tagE13__copy_move_bIPiEEPT_PKS4_S7_S5__csim.dot'...
Writing 'cfg__ZSt14__copy_move_a2ILb0EPPiS1_ET1_T0_S3_S2__csim.dot'...
Writing 'cfg__ZSt13__copy_move_aILb0EPPiS1_ET1_T0_S3_S2__csim.dot'...
Writing 'cfg__ZNSt11__copy_moveILb0ELb1ESt26random_access_iterator_tagE8__copy_mIPiEEPT_PKS4_S7_S5__csim.dot'...
Writing 'cfg__ZN9__gnu_cxx13new_allocatorIiE9constructIiJRKiEEEvPT_DpOT0__csim.dot'...
Writing 'cfg__ZNSt5dequeIiSaIiEEC2Ev_csim.dot'...
Writing 'cfg__ZNSt11_Deque_baseIiSaIiEEC2Ev_csim.dot'...
Writing 'cfg__ZNSt11_Deque_baseIiSaIiEE11_Deque_implC2Ev_csim.dot'...
Writing 'cfg__ZNSt11_Deque_baseIiSaIiEE17_M_initialize_mapEm_csim.dot'...
Writing 'cfg__ZNSt11_Deque_baseIiSaIiEE15_M_create_nodesEPPiS3__csim.dot'...
Writing 'cfg__ZNSaIiEC2Ev_csim.dot'...
Writing 'cfg__ZNSt15_Deque_iteratorIiRiPiEC2Ev_csim.dot'...
Writing 'cfg__ZN9__gnu_cxx13new_allocatorIiEC2Ev_csim.dot'...
